2017-10-27 11:51:40 Error: [Cake\Database\Exception] SQLSTATE[42S02]: Base table or view not found: 1146 Table 'someone.imagens' doesn't exist
Stack Trace:
#0 /var/www/someone/app/vendor/cakephp/cakephp/src/Database/Schema/Collection.php(97): Cake\Database\Schema\Collection->_reflect('Column', 'imagens', Array, Object(Cake\Database\Schema\Table))
#1 /var/www/someone/app/vendor/cakephp/cakephp/src/Database/Schema/CachedCollection.php(63): Cake\Database\Schema\Collection->describe('imagens', Array)
#2 /var/www/someone/app/vendor/cakephp/cakephp/src/ORM/Table.php(440): Cake\Database\Schema\CachedCollection->describe('imagens')
#3 /var/www/someone/app/vendor/cakephp/cakephp/src/ORM/Table.php(517): Cake\ORM\Table->schema()
#4 /var/www/someone/app/vendor/cakephp/bake/src/Shell/Task/ModelTask.php(215): Cake\ORM\Table->primaryKey()
#5 /var/www/someone/app/vendor/cakephp/bake/src/Shell/Task/ModelTask.php(127): Bake\Shell\Task\ModelTask->getAssociations(Object(Cake\ORM\Table))
#6 /var/www/someone/app/vendor/cakephp/bake/src/Shell/Task/ModelTask.php(110): Bake\Shell\Task\ModelTask->getTableContext(Object(Cake\ORM\Table), 'imagens', 'Imagens')
#7 /var/www/someone/app/vendor/cakephp/bake/src/Shell/Task/ModelTask.php(97): Bake\Shell\Task\ModelTask->bake('Imagens')
#8 /var/www/someone/app/vendor/cakephp/bake/src/Shell/BakeShell.php(257): Bake\Shell\Task\ModelTask->main('Imagens')
#9 /var/www/someone/app/vendor/cakephp/cakephp/src/Collection/CollectionTrait.php(52): Bake\Shell\BakeShell->Bake\Shell\{closure}('imagens', 0)
#10 /var/www/someone/app/vendor/cakephp/bake/src/Shell/BakeShell.php(260): Cake\Collection\Collection->each(Object(Closure))
#11 [internal function]: Bake\Shell\BakeShell->all('imagens')
#12 /var/www/someone/app/vendor/cakephp/cakephp/src/Console/Shell.php(458): call_user_func_array(Array, Array)
#13 /var/www/someone/app/vendor/cakephp/cakephp/src/Console/ShellDispatcher.php(227): Cake\Console\Shell->runCommand(Array, true, Array)
#14 /var/www/someone/app/vendor/cakephp/cakephp/src/Console/ShellDispatcher.php(182): Cake\Console\ShellDispatcher->_dispatch(Array)
#15 /var/www/someone/app/vendor/cakephp/cakephp/src/Console/ShellDispatcher.php(128): Cake\Console\ShellDispatcher->dispatch(Array)
#16 /var/www/someone/app/bin/cake.php(34): Cake\Console\ShellDispatcher::run(Array)
#17 {main}


2017-10-27 11:52:03 Error: [Cake\Database\Exception] SQLSTATE[42S02]: Base table or view not found: 1146 Table 'someone.imagens' doesn't exist
Stack Trace:
#0 /var/www/someone/app/vendor/cakephp/cakephp/src/Database/Schema/Collection.php(97): Cake\Database\Schema\Collection->_reflect('Column', 'imagens', Array, Object(Cake\Database\Schema\Table))
#1 /var/www/someone/app/vendor/cakephp/cakephp/src/Database/Schema/CachedCollection.php(63): Cake\Database\Schema\Collection->describe('imagens', Array)
#2 /var/www/someone/app/vendor/cakephp/cakephp/src/ORM/Table.php(440): Cake\Database\Schema\CachedCollection->describe('imagens')
#3 /var/www/someone/app/vendor/cakephp/cakephp/src/ORM/Table.php(517): Cake\ORM\Table->schema()
#4 /var/www/someone/app/vendor/cakephp/bake/src/Shell/Task/ModelTask.php(215): Cake\ORM\Table->primaryKey()
#5 /var/www/someone/app/vendor/cakephp/bake/src/Shell/Task/ModelTask.php(127): Bake\Shell\Task\ModelTask->getAssociations(Object(Cake\ORM\Table))
#6 /var/www/someone/app/vendor/cakephp/bake/src/Shell/Task/ModelTask.php(110): Bake\Shell\Task\ModelTask->getTableContext(Object(Cake\ORM\Table), 'imagens', 'Imagens')
#7 /var/www/someone/app/vendor/cakephp/bake/src/Shell/Task/ModelTask.php(97): Bake\Shell\Task\ModelTask->bake('Imagens')
#8 /var/www/someone/app/vendor/cakephp/bake/src/Shell/BakeShell.php(257): Bake\Shell\Task\ModelTask->main('Imagens')
#9 /var/www/someone/app/vendor/cakephp/cakephp/src/Collection/CollectionTrait.php(52): Bake\Shell\BakeShell->Bake\Shell\{closure}('imagens', 0)
#10 /var/www/someone/app/vendor/cakephp/bake/src/Shell/BakeShell.php(260): Cake\Collection\Collection->each(Object(Closure))
#11 [internal function]: Bake\Shell\BakeShell->all('imagens')
#12 /var/www/someone/app/vendor/cakephp/cakephp/src/Console/Shell.php(458): call_user_func_array(Array, Array)
#13 /var/www/someone/app/vendor/cakephp/cakephp/src/Console/ShellDispatcher.php(227): Cake\Console\Shell->runCommand(Array, true, Array)
#14 /var/www/someone/app/vendor/cakephp/cakephp/src/Console/ShellDispatcher.php(182): Cake\Console\ShellDispatcher->_dispatch(Array)
#15 /var/www/someone/app/vendor/cakephp/cakephp/src/Console/ShellDispatcher.php(128): Cake\Console\ShellDispatcher->dispatch(Array)
#16 /var/www/someone/app/bin/cake.php(34): Cake\Console\ShellDispatcher::run(Array)
#17 {main}


